E, [2018-05-16T07:52:45.567133 #57021] ERROR -- Kitchen: ------Exception-------
E, [2018-05-16T07:52:45.567250 #57021] ERROR -- Kitchen: Class: Kitchen::UserError
E, [2018-05-16T07:52:45.567272 #57021] ERROR -- Kitchen: Message: Kitchen YAML file /Users/herman/projects/projects/projects/another/bitc/.kitchen.yml does not exist.
E, [2018-05-16T07:52:45.567315 #57021] ERROR -- Kitchen: ----------------------
E, [2018-05-16T07:52:45.567338 #57021] ERROR -- Kitchen: ------Backtrace-------
E, [2018-05-16T07:52:45.567355 #57021] ERROR -- Kitchen: /opt/chefdk/embedded/lib/ruby/gems/2.4.0/gems/test-kitchen-1.20.0/lib/kitchen/loader/yaml.rb:65:in `read'
E, [2018-05-16T07:52:45.567387 #57021] ERROR -- Kitchen: /opt/chefdk/embedded/lib/ruby/gems/2.4.0/gems/test-kitchen-1.20.0/lib/kitchen/config.rb:152:in `data'
E, [2018-05-16T07:52:45.567401 #57021] ERROR -- Kitchen: /opt/chefdk/embedded/lib/ruby/gems/2.4.0/gems/test-kitchen-1.20.0/lib/kitchen/config.rb:131:in `suites'
E, [2018-05-16T07:52:45.567415 #57021] ERROR -- Kitchen: /opt/chefdk/embedded/lib/ruby/gems/2.4.0/gems/test-kitchen-1.20.0/lib/kitchen/config.rb:182:in `filter_instances'
E, [2018-05-16T07:52:45.567429 #57021] ERROR -- Kitchen: /opt/chefdk/embedded/lib/ruby/gems/2.4.0/gems/test-kitchen-1.20.0/lib/kitchen/config.rb:141:in `build_instances'
E, [2018-05-16T07:52:45.567446 #57021] ERROR -- Kitchen: /opt/chefdk/embedded/lib/ruby/gems/2.4.0/gems/test-kitchen-1.20.0/lib/kitchen/config.rb:117:in `instances'
E, [2018-05-16T07:52:45.567461 #57021] ERROR -- Kitchen: /opt/chefdk/embedded/lib/ruby/gems/2.4.0/gems/test-kitchen-1.20.0/lib/kitchen/command.rb:112:in `filtered_instances'
E, [2018-05-16T07:52:45.567489 #57021] ERROR -- Kitchen: /opt/chefdk/embedded/lib/ruby/gems/2.4.0/gems/test-kitchen-1.20.0/lib/kitchen/command.rb:142:in `parse_subcommand'
E, [2018-05-16T07:52:45.567503 #57021] ERROR -- Kitchen: /opt/chefdk/embedded/lib/ruby/gems/2.4.0/gems/test-kitchen-1.20.0/lib/kitchen/command/login.rb:29:in `call'
E, [2018-05-16T07:52:45.567518 #57021] ERROR -- Kitchen: /opt/chefdk/embedded/lib/ruby/gems/2.4.0/gems/test-kitchen-1.20.0/lib/kitchen/cli.rb:52:in `perform'
E, [2018-05-16T07:52:45.567532 #57021] ERROR -- Kitchen: /opt/chefdk/embedded/lib/ruby/gems/2.4.0/gems/test-kitchen-1.20.0/lib/kitchen/cli.rb:252:in `login'
E, [2018-05-16T07:52:45.567546 #57021] ERROR -- Kitchen: /opt/chefdk/embedded/lib/ruby/gems/2.4.0/gems/thor-0.19.1/lib/thor/command.rb:27:in `run'
E, [2018-05-16T07:52:45.567560 #57021] ERROR -- Kitchen: /opt/chefdk/embedded/lib/ruby/gems/2.4.0/gems/thor-0.19.1/lib/thor/invocation.rb:126:in `invoke_command'
E, [2018-05-16T07:52:45.567574 #57021] ERROR -- Kitchen: /opt/chefdk/embedded/lib/ruby/gems/2.4.0/gems/thor-0.19.1/lib/thor.rb:359:in `dispatch'
E, [2018-05-16T07:52:45.567588 #57021] ERROR -- Kitchen: /opt/chefdk/embedded/lib/ruby/gems/2.4.0/gems/thor-0.19.1/lib/thor/base.rb:440:in `start'
E, [2018-05-16T07:52:45.567602 #57021] ERROR -- Kitchen: /opt/chefdk/embedded/lib/ruby/gems/2.4.0/gems/test-kitchen-1.20.0/bin/kitchen:13:in `block in <top (required)>'
E, [2018-05-16T07:52:45.567616 #57021] ERROR -- Kitchen: /opt/chefdk/embedded/lib/ruby/gems/2.4.0/gems/test-kitchen-1.20.0/lib/kitchen/errors.rb:171:in `with_friendly_errors'
E, [2018-05-16T07:52:45.567638 #57021] ERROR -- Kitchen: /opt/chefdk/embedded/lib/ruby/gems/2.4.0/gems/test-kitchen-1.20.0/bin/kitchen:13:in `<top (required)>'
E, [2018-05-16T07:52:45.567653 #57021] ERROR -- Kitchen: /opt/chefdk/bin/kitchen:250:in `load'
E, [2018-05-16T07:52:45.567667 #57021] ERROR -- Kitchen: /opt/chefdk/bin/kitchen:250:in `<main>'
E, [2018-05-16T07:52:45.567707 #57021] ERROR -- Kitchen: ----End Backtrace-----
